<?xml version="1.0" encoding="UTF-8"?>
<testsuite xmlns:xsi="http://www.w3.org/2001/XMLSchema-instance" xsi:noNamespaceSchemaLocation="https://maven.apache.org/surefire/maven-surefire-plugin/xsd/surefire-test-report-3.0.xsd" version="3.0" name="TestSuite" time="306.537" tests="5" errors="0" skipped="0" failures="0">
  <properties>
[...]
</properties>
  <testcase name="VerifyLogin" classname="com.mystore.testcases.TC_MyAccountPageTest" time="50.154">
    <system-out><![CDATA[On Start method invoked....
[DEBUG] 2022-09-25 04:52:31.609 [main] InternalLoggerFactory - Using Log4J2 as the default logging framework
[DEBUG] 2022-09-25 04:52:31.625 [main] ResourceLeakDetector - -Dio.netty.leakDetection.level: simple
[DEBUG] 2022-09-25 04:52:31.625 [main] ResourceLeakDetector - -Dio.netty.leakDetection.targetRecords: 4
[DEBUG] 2022-09-25 04:52:31.873 [main] ResourceLeakDetectorFactory - Loaded default ResourceLeakDetector: io.netty.util.ResourceLeakDetector@7342e05d
[DEBUG] 2022-09-25 04:52:31.954 [main] PlatformDependent0 - -Dio.netty.noUnsafe: false
[DEBUG] 2022-09-25 04:52:31.954 [main] PlatformDependent0 - Java version: 11
[DEBUG] 2022-09-25 04:52:31.956 [main] PlatformDependent0 - sun.misc.Unsafe.theUnsafe: available
[DEBUG] 2022-09-25 04:52:31.957 [main] PlatformDependent0 - sun.misc.Unsafe.copyMemory: available
[DEBUG] 2022-09-25 04:52:31.958 [main] PlatformDependent0 - java.nio.Buffer.address: available
[DEBUG] 2022-09-25 04:52:31.960 [main] PlatformDependent0 - direct buffer constructor: unavailable: Reflective setAccessible(true) disabled
[DEBUG] 2022-09-25 04:52:31.965 [main] PlatformDependent0 - java.nio.Bits.unaligned: available, true
[DEBUG] 2022-09-25 04:52:31.969 [main] PlatformDependent0 - jdk.internal.misc.Unsafe.allocateUninitializedArray(int): unavailable: class io.netty.util.internal.PlatformDependent0$6 cannot access class jdk.internal.misc.Unsafe (in module java.base) because module java.base does not export jdk.internal.misc to unnamed module @ee7d9f1
[DEBUG] 2022-09-25 04:52:32.020 [main] PlatformDependent0 - java.nio.DirectByteBuffer.<init>(long, int): unavailable
[DEBUG] 2022-09-25 04:52:32.020 [main] PlatformDependent - sun.misc.Unsafe: available
[DEBUG] 2022-09-25 04:52:32.021 [main] PlatformDependent - maxDirectMemory: 1581252608 bytes (maybe)
[DEBUG] 2022-09-25 04:52:32.021 [main] PlatformDependent - -Dio.netty.tmpdir: C:\Windows\TEMP (java.io.tmpdir)
[DEBUG] 2022-09-25 04:52:32.022 [main] PlatformDependent - -Dio.netty.bitMode: 64 (sun.arch.data.model)
[DEBUG] 2022-09-25 04:52:32.022 [main] PlatformDependent - Platform: Windows
[DEBUG] 2022-09-25 04:52:32.023 [main] PlatformDependent - -Dio.netty.maxDirectMemory: -1 bytes
[DEBUG] 2022-09-25 04:52:32.024 [main] PlatformDependent - -Dio.netty.uninitializedArrayAllocationThreshold: -1
[DEBUG] 2022-09-25 04:52:32.026 [main] CleanerJava9 - java.nio.ByteBuffer.cleaner(): available
[DEBUG] 2022-09-25 04:52:32.026 [main] PlatformDependent - -Dio.netty.noPreferDirect: false
[DEBUG] 2022-09-25 04:52:32.059 [main] PlatformDependent - org.jctools-core.MpscChunkedArrayQueue: available
[DEBUG] 2022-09-25 04:52:32.120 [main] InternalThreadLocalMap - -Dio.netty.threadLocalMap.stringBuilder.initialSize: 1024
[DEBUG] 2022-09-25 04:52:32.120 [main] InternalThreadLocalMap - -Dio.netty.threadLocalMap.stringBuilder.maxSize: 4096
[DEBUG] 2022-09-25 04:52:32.190 [main] JdkSslContext - Default protocols (JDK): [TLSv1.3, TLSv1.2] 
[DEBUG] 2022-09-25 04:52:32.190 [main] JdkSslContext - Default cipher suites (JDK): [TLS_ECDHE_ECDSA_WITH_AES_256_GCM_SHA384, TLS_ECDHE_ECDSA_WITH_AES_128_GCM_SHA256, TLS_ECDHE_RSA_WITH_AES_128_GCM_SHA256, TLS_ECDHE_RSA_WITH_AES_256_GCM_SHA384, TLS_ECDHE_RSA_WITH_AES_128_CBC_SHA, TLS_ECDHE_RSA_WITH_AES_256_CBC_SHA, TLS_RSA_WITH_AES_128_GCM_SHA256, TLS_RSA_WITH_AES_128_CBC_SHA, TLS_RSA_WITH_AES_256_CBC_SHA, TLS_AES_128_GCM_SHA256, TLS_AES_256_GCM_SHA384]
[DEBUG] 2022-09-25 04:52:32.274 [main] MultithreadEventLoopGroup - -Dio.netty.eventLoopThreads: 8
[DEBUG] 2022-09-25 04:52:32.390 [main] NioEventLoop - -Dio.netty.noKeySetOptimization: false
[DEBUG] 2022-09-25 04:52:32.390 [main] NioEventLoop - -Dio.netty.selectorAutoRebuildThreshold: 512
[DEBUG] 2022-09-25 04:52:32.741 [main] PooledByteBufAllocator - -Dio.netty.allocator.numHeapArenas: 8
[DEBUG] 2022-09-25 04:52:32.741 [main] PooledByteBufAllocator - -Dio.netty.allocator.numDirectArenas: 8
[DEBUG] 2022-09-25 04:52:32.742 [main] PooledByteBufAllocator - -Dio.netty.allocator.pageSize: 8192
[DEBUG] 2022-09-25 04:52:32.742 [main] PooledByteBufAllocator - -Dio.netty.allocator.maxOrder: 11
[DEBUG] 2022-09-25 04:52:32.742 [main] PooledByteBufAllocator - -Dio.netty.allocator.chunkSize: 16777216
[DEBUG] 2022-09-25 04:52:32.742 [main] PooledByteBufAllocator - -Dio.netty.allocator.smallCacheSize: 256
[DEBUG] 2022-09-25 04:52:32.742 [main] PooledByteBufAllocator - -Dio.netty.allocator.normalCacheSize: 64
[DEBUG] 2022-09-25 04:52:32.743 [main] PooledByteBufAllocator - -Dio.netty.allocator.maxCachedBufferCapacity: 32768
[DEBUG] 2022-09-25 04:52:32.744 [main] PooledByteBufAllocator - -Dio.netty.allocator.cacheTrimInterval: 8192
[DEBUG] 2022-09-25 04:52:32.744 [main] PooledByteBufAllocator - -Dio.netty.allocator.cacheTrimIntervalMillis: 0
[DEBUG] 2022-09-25 04:52:32.744 [main] PooledByteBufAllocator - -Dio.netty.allocator.useCacheForAllThreads: true
[DEBUG] 2022-09-25 04:52:32.744 [main] PooledByteBufAllocator - -Dio.netty.allocator.maxCachedByteBuffersPerChunk: 1023
[DEBUG] 2022-09-25 04:52:32.794 [main] ByteBufUtil - -Dio.netty.allocator.type: pooled
[DEBUG] 2022-09-25 04:52:32.799 [main] ByteBufUtil - -Dio.netty.threadLocalDirectBufferSize: 0
[DEBUG] 2022-09-25 04:52:32.800 [main] ByteBufUtil - -Dio.netty.maxThreadLocalCharBufferSize: 16384
[DEBUG] 2022-09-25 04:52:37.956 [Forwarding newSession on session null to remote] DefaultChannelId - -Dio.netty.processId: 9716 (auto-detected)
[DEBUG] 2022-09-25 04:52:37.960 [Forwarding newSession on session null to remote] NetUtil - -Djava.net.preferIPv4Stack: false
[DEBUG] 2022-09-25 04:52:37.960 [Forwarding newSession on session null to remote] NetUtil - -Djava.net.preferIPv6Addresses: false
[DEBUG] 2022-09-25 04:52:38.106 [Forwarding newSession on session null to remote] NetUtilInitializations - Loopback interface: lo (Software Loopback Interface 1, 127.0.0.1)
[DEBUG] 2022-09-25 04:52:38.108 [Forwarding newSession on session null to remote] NetUtil - Failed to get SOMAXCONN from sysctl and file \proc\sys\net\core\somaxconn. Default: 200
[DEBUG] 2022-09-25 04:52:38.234 [Forwarding newSession on session null to remote] DefaultChannelId - -Dio.netty.machineId: 00:00:00:00:00:00:00:e0 (auto-detected)
[DEBUG] 2022-09-25 04:52:38.397 [AsyncHttpClient-1-2] AbstractByteBuf - -Dio.netty.buffer.checkAccessible: true
[DEBUG] 2022-09-25 04:52:38.398 [AsyncHttpClient-1-2] AbstractByteBuf - -Dio.netty.buffer.checkBounds: true
[DEBUG] 2022-09-25 04:52:38.398 [AsyncHttpClient-1-2] ResourceLeakDetectorFactory - Loaded default ResourceLeakDetector: io.netty.util.ResourceLeakDetector@520e1fb5
[DEBUG] 2022-09-25 04:52:38.455 [AsyncHttpClient-1-2] Recycler - -Dio.netty.recycler.maxCapacityPerThread: 4096
[DEBUG] 2022-09-25 04:52:38.455 [AsyncHttpClient-1-2] Recycler - -Dio.netty.recycler.maxSharedCapacityFactor: 2
[DEBUG] 2022-09-25 04:52:38.455 [AsyncHttpClient-1-2] Recycler - -Dio.netty.recycler.linkCapacity: 16
[DEBUG] 2022-09-25 04:52:38.456 [AsyncHttpClient-1-2] Recycler - -Dio.netty.recycler.ratio: 8
[DEBUG] 2022-09-25 04:52:38.456 [AsyncHttpClient-1-2] Recycler - -Dio.netty.recycler.delayedQueue.ratio: 8
[DEBUG] 2022-09-25 04:52:47.679 [AsyncHttpClient-1-2] Brotli - brotli4j not in the classpath; Brotli support will be unavailable.
[DEBUG] 2022-09-25 04:52:49.033 [main] ThreadLocalRandom - -Dio.netty.initialSeedUniquifier: 0xcc582f4b97cef863
[INFO ] 2022-09-25 04:52:59.083 [main] MyStoreV1 - url opened
Name of test method started:VerifyLogin
[INFO ] 2022-09-25 04:52:59.141 [main] MyStoreV1 - ***************TestCase Verify Login starts*****************
[INFO ] 2022-09-25 04:53:10.890 [main] MyStoreV1 - Clicked on sign in link
[INFO ] 2022-09-25 04:53:11.001 [main] MyStoreV1 - Entered email address
[INFO ] 2022-09-25 04:53:11.097 [main] MyStoreV1 - Entered password
[INFO ] 2022-09-25 04:53:27.079 [main] MyStoreV1 - Clicked on sign in link..
[INFO ] 2022-09-25 04:53:27.127 [main] MyStoreV1 - VerifyLogin - Passed
[INFO ] 2022-09-25 04:53:49.262 [main] MyStoreV1 - ***************TestCase Verify Login ends*****************
Name of test method sucessfully executed:VerifyLogin
]]></system-out>
    <system-err><![CDATA[SLF4J: Failed to load class "org.slf4j.impl.StaticLoggerBinder".
SLF4J: Defaulting to no-operation (NOP) logger implementation
SLF4J: See http://www.slf4j.org/codes.html#StaticLoggerBinder for further details.
Starting ChromeDriver 105.0.5195.52 (412c95e518836d8a7d97250d62b29c2ae6a26a85-refs/branch-heads/5195@{#853}) on port 55640
Only local connections are allowed.
Please see https://chromedriver.chromium.org/security-considerations for suggestions on keeping ChromeDriver safe.
ChromeDriver was started successfully.
Sep 25, 2022 4:52:48 AM org.openqa.selenium.remote.ProtocolHandshake createSession
INFO: Detected dialect: W3C
Sep 25, 2022 4:52:49 AM org.openqa.selenium.devtools.CdpVersionFinder findNearestMatch
WARNING: Unable to find an exact match for CDP version 105, so returning the closest version found: a no-op implementation
Sep 25, 2022 4:52:49 AM org.openqa.selenium.devtools.CdpVersionFinder findNearestMatch
INFO: Unable to find CDP implementation matching 105.
Sep 25, 2022 4:52:49 AM org.openqa.selenium.chromium.ChromiumDriver lambda$new$3
WARNING: Unable to find version of CDP to use for . You may need to include a dependency on a specific version of the CDP using something similar to `org.seleniumhq.selenium:selenium-devtools-v86:4.1.1` where the version ("v86") matches the version of the chromium-based browser you're using and the version number of the artifact is the same as Selenium's.
]]></system-err>
  </testcase>
  <testcase name="VerifySignOut" classname="com.mystore.testcases.TC_MyAccountPageTest" time="53.458">
    <system-out><![CDATA[Name of test method started:VerifySignOut
[INFO ] 2022-09-25 04:53:49.292 [main] MyStoreV1 - ***************TestCase Verify Sign out starts*****************
[INFO ] 2022-09-25 04:54:01.790 [main] MyStoreV1 - Clicked on sign in link
[INFO ] 2022-09-25 04:54:01.904 [main] MyStoreV1 - Entered email address
[INFO ] 2022-09-25 04:54:02.018 [main] MyStoreV1 - Entered password
[INFO ] 2022-09-25 04:54:24.355 [main] MyStoreV1 - Clicked on sign in link..
[INFO ] 2022-09-25 04:54:42.753 [main] MyStoreV1 - VerifySignOut - Passed
[INFO ] 2022-09-25 04:54:42.754 [main] MyStoreV1 - ***************TestCase Verify Sign out ends*****************
Name of test method sucessfully executed:VerifySignOut
]]></system-out>
  </testcase>
  <testcase name="VerifyBuyProduct" classname="com.mystore.testcases.TC_ProductPageTest" time="85.044">
    <system-out><![CDATA[[INFO ] 2022-09-25 04:54:56.643 [main] MyStoreV1 - url opened
Name of test method started:VerifyBuyProduct
[INFO ] 2022-09-25 04:54:56.644 [main] MyStoreV1 - 
***************TestCase Buy Product started*****************
[INFO ] 2022-09-25 04:55:02.375 [main] MyStoreV1 - User Email and Password entered.
[INFO ] 2022-09-25 04:55:10.438 [main] MyStoreV1 - Sign In link clicked
[INFO ] 2022-09-25 04:55:10.515 [main] MyStoreV1 - T-shirt entered in search box
[INFO ] 2022-09-25 04:55:13.839 [main] MyStoreV1 - clicked on search button
[INFO ] 2022-09-25 04:55:17.484 [main] MyStoreV1 - Clicked on more button
[INFO ] 2022-09-25 04:55:21.882 [main] MyStoreV1 - quantity 2 entereed
[INFO ] 2022-09-25 04:55:22.106 [main] MyStoreV1 - size M entered
[INFO ] 2022-09-25 04:55:22.185 [main] MyStoreV1 - Clicked on add to cart
[INFO ] 2022-09-25 04:55:40.454 [main] MyStoreV1 - Clicked on proceed to checkout on product page
[INFO ] 2022-09-25 04:55:48.102 [main] MyStoreV1 - Clicked on proceed to checkout on order summary page
[INFO ] 2022-09-25 04:55:56.243 [main] MyStoreV1 - Clicked on proceed to checkout on order address page
[INFO ] 2022-09-25 04:55:57.452 [main] MyStoreV1 - selecged term of service check box
[INFO ] 2022-09-25 04:56:02.547 [main] MyStoreV1 - Clicked on proceed to checkout on order shipping page
[INFO ] 2022-09-25 04:56:02.978 [main] MyStoreV1 - http://automationpractice.com/index.php?controller=order&multi-shipping=
[INFO ] 2022-09-25 04:56:07.340 [main] MyStoreV1 - Clicked on pay by cheque
[INFO ] 2022-09-25 04:56:14.988 [main] MyStoreV1 - Clicked on confirmed order
[INFO ] 2022-09-25 04:56:15.043 [main] MyStoreV1 - VerifyBuyProduct - Passed
[INFO ] 2022-09-25 04:56:21.689 [main] MyStoreV1 - ***************TestCase BuyProduct ends*****************
Name of test method sucessfully executed:VerifyBuyProduct
]]></system-out>
    <system-err><![CDATA[Starting ChromeDriver 105.0.5195.52 (412c95e518836d8a7d97250d62b29c2ae6a26a85-refs/branch-heads/5195@{#853}) on port 61172
Only local connections are allowed.
Please see https://chromedriver.chromium.org/security-considerations for suggestions on keeping ChromeDriver safe.
ChromeDriver was started successfully.
Sep 25, 2022 4:54:48 AM org.openqa.selenium.remote.ProtocolHandshake createSession
INFO: Detected dialect: W3C
Sep 25, 2022 4:54:48 AM org.openqa.selenium.devtools.CdpVersionFinder findNearestMatch
WARNING: Unable to find an exact match for CDP version 105, so returning the closest version found: a no-op implementation
Sep 25, 2022 4:54:48 AM org.openqa.selenium.devtools.CdpVersionFinder findNearestMatch
INFO: Unable to find CDP implementation matching 105.
Sep 25, 2022 4:54:48 AM org.openqa.selenium.chromium.ChromiumDriver lambda$new$3
WARNING: Unable to find version of CDP to use for . You may need to include a dependency on a specific version of the CDP using something similar to `org.seleniumhq.selenium:selenium-devtools-v86:4.1.1` where the version ("v86") matches the version of the chromium-based browser you're using and the version number of the artifact is the same as Selenium's.
]]></system-err>
  </testcase>
  <testcase name="VerifySearchProduct" classname="com.mystore.testcases.TC_ProductPageTest" time="38.502">
    <system-out><![CDATA[Name of test method started:VerifySearchProduct
[INFO ] 2022-09-25 04:56:21.690 [main] MyStoreV1 - 
***************TestCase Search Product started*****************
[INFO ] 2022-09-25 04:56:26.637 [main] MyStoreV1 - User Email and Password entered.
[INFO ] 2022-09-25 04:56:32.975 [main] MyStoreV1 - Sign In link clicked
[INFO ] 2022-09-25 04:56:46.528 [main] MyStoreV1 - Search Product testcase - Passed
[INFO ] 2022-09-25 04:57:00.192 [main] MyStoreV1 - ***************TestCase Search Product ends*****************
Name of test method sucessfully executed:VerifySearchProduct
]]></system-out>
  </testcase>
  <testcase name="verifyAddToWishlistWithoutLogin" classname="com.mystore.testcases.TC_ProductPageTest" time="14.621">
    <system-out><![CDATA[Name of test method started:verifyAddToWishlistWithoutLogin
[INFO ] 2022-09-25 04:57:00.194 [main] MyStoreV1 - 
***************TestCase verifyAddToWishlistWithoutLogin started*****************
[INFO ] 2022-09-25 04:57:14.815 [main] MyStoreV1 - verifyAddToWishlistWithoutLogin - passed
Name of test method sucessfully executed:verifyAddToWishlistWithoutLogin
]]></system-out>
  </testcase>
</testsuite>